#
# There is insufficient memory for the Java Runtime Environment to continue.
# Native memory allocation (malloc) failed to allocate 32744 bytes for ChunkPool::allocate
# Possible reasons:
#   The system is out of physical RAM or swap space
#   The process is running with CompressedOops enabled, and the Java Heap may be blocking the growth of the native heap
# Possible solutions:
#   Reduce memory load on the system
#   Increase physical memory or swap space
#   Check if swap backing store is full
#   Decrease Java heap size (-Xmx/-Xms)
#   Decrease number of Java threads
#   Decrease Java thread stack sizes (-Xss)
#   Set larger code cache with -XX:ReservedCodeCacheSize=
#   JVM is running with Unscaled Compressed Oops mode in which the Java heap is
#     placed in the first 4GB address space. The Java Heap base address is the
#     maximum limit for the native heap growth. Please use -XX:HeapBaseMinAddress
#     to set the Java Heap base and to place the Java Heap above 4GB virtual address.
# This output file may be truncated or incomplete.
#
#  Out of Memory Error (./src/hotspot/share/memory/arena.cpp:81), pid=12888, tid=25792
#
# JRE version: OpenJDK Runtime Environment (11.0.11+9) (build 11.0.11+9-b60-7590822)
# Java VM: OpenJDK 64-Bit Server VM (11.0.11+9-b60-7590822, mixed mode, tiered, compressed oops, g1 gc, windows-amd64)
# No core dump will be written. Minidumps are not enabled by default on client versions of Windows
#

---------------  S U M M A R Y ------------

Command Line: org.jetbrains.git4idea.nativessh.GitNativeSshAskPassApp Enter passphrase for key '/c/Users/mikel/.ssh/id_ed25519': 

Host: Intel(R) Core(TM) i5-10210U CPU @ 1.60GHz, 8 cores, 7G,  Windows 10 , 64 bit Build 22000 (10.0.22000.434)
Time: Tue Mar  8 12:36:38 2022 GMT Standard Time elapsed time: 0.227737 seconds (0d 0h 0m 0s)

---------------  T H R E A D  ---------------

Current thread (0x0000021c534f2000):  JavaThread "main" [_thread_in_vm, id=25792, stack(0x0000006bb9800000,0x0000006bb9900000)]

Stack: [0x0000006bb9800000,0x0000006bb9900000]
Native frames: (J=compiled Java code, j=interpreted, Vv=VM code, C=native code)
V  [jvm.dll+0x5f214a]
V  [jvm.dll+0x726fb5]
V  [jvm.dll+0x7285cd]
V  [jvm.dll+0x728c83]
V  [jvm.dll+0x243278]
V  [jvm.dll+0xbc78b]
V  [jvm.dll+0xbca3c]
V  [jvm.dll+0x64e651]
V  [jvm.dll+0x64e2fd]
V  [jvm.dll+0x64f2da]
V  [jvm.dll+0x64df0e]
V  [jvm.dll+0x64f01b]
V  [jvm.dll+0x3623d3]
V  [jvm.dll+0x35f602]
V  [jvm.dll+0x35e904]
V  [jvm.dll+0x35e8a8]
V  [jvm.dll+0x4ea7c2]
V  [jvm.dll+0x4e9d94]
V  [jvm.dll+0x4e974d]
V  [jvm.dll+0x370040]
V  [jvm.dll+0x36f8d8]
C  0x0000021c5700d7ee

Java frames: (J=compiled Java code, j=interpreted, Vv=VM code)
j  java.lang.invoke.MethodHandles$Lookup.getDirectMethodCommon(BLjava/lang/Class;Ljava/lang/invoke/MemberName;ZZLjava/lang/invoke/MethodHandles$Lookup;)Ljava/lang/invoke/MethodHandle;+205 java.base@11.0.11
j  java.lang.invoke.MethodHandles$Lookup.getDirectMethodNoSecurityManager(BLjava/lang/Class;Ljava/lang/invoke/MemberName;Ljava/lang/invoke/MethodHandles$Lookup;)Ljava/lang/invoke/MethodHandle;+14 java.base@11.0.11
j  java.lang.invoke.MethodHandles$Lookup.getDirectMethodForConstant(BLjava/lang/Class;Ljava/lang/invoke/MemberName;)Ljava/lang/invoke/MethodHandle;+31 java.base@11.0.11
j  java.lang.invoke.MethodHandles$Lookup.linkMethodHandleConstant(BLjava/lang/Class;Ljava/lang/String;Ljava/lang/Object;)Ljava/lang/invoke/MethodHandle;+150 java.base@11.0.11
j  java.lang.invoke.MethodHandleNatives.linkMethodHandleConstant(Ljava/lang/Class;ILjava/lang/Class;Ljava/lang/String;Ljava/lang/Object;)Ljava/lang/invoke/MethodHandle;+38 java.base@11.0.11
v  ~StubRoutines::call_stub
j  org.jetbrains.git4idea.nativessh.GitNativeSshAskPassXmlRpcHandler.<clinit>()V+11
v  ~StubRoutines::call_stub
j  org.jetbrains.git4idea.nativessh.GitNativeSshAskPassApp.main([Ljava/lang/String;)V+34
v  ~StubRoutines::call_stub

---------------  P R O C E S S  ---------------

Threads class SMR info:
_java_thread_list=0x0000021c6e149d30, length=10, elements={
0x0000021c534f2000, 0x0000021c6d64b000, 0x0000021c6d64c800, 0x0000021c6dfc7800,
0x0000021c6dfc9800, 0x0000021c6dfcc000, 0x0000021c6dfd1800, 0x0000021c6d671000,
0x0000021c6d67e000, 0x0000021c6e14a000
}

Java Threads: ( => current thread )
=>0x0000021c534f2000 JavaThread "main" [_thread_in_vm, id=25792, stack(0x0000006bb9800000,0x0000006bb9900000)]
  0x0000021c6d64b000 JavaThread "Reference Handler" daemon [_thread_blocked, id=2620, stack(0x0000006bb9f00000,0x0000006bba000000)]
  0x0000021c6d64c800 JavaThread "Finalizer" daemon [_thread_blocked, id=19088, stack(0x0000006bba000000,0x0000006bba100000)]
  0x0000021c6dfc7800 JavaThread "Signal Dispatcher" daemon [_thread_blocked, id=13652, stack(0x0000006bba100000,0x0000006bba200000)]
  0x0000021c6dfc9800 JavaThread "Attach Listener" daemon [_thread_blocked, id=21736, stack(0x0000006bba200000,0x0000006bba300000)]
  0x0000021c6dfcc000 JavaThread "Service Thread" daemon [_thread_blocked, id=23472, stack(0x0000006bba300000,0x0000006bba400000)]
  0x0000021c6dfd1800 JavaThread "C2 CompilerThread0" daemon [_thread_blocked, id=21352, stack(0x0000006bba400000,0x0000006bba500000)]
  0x0000021c6d671000 JavaThread "C1 CompilerThread0" daemon [_thread_blocked, id=21936, stack(0x0000006bba500000,0x0000006bba600000)]
  0x0000021c6d67e000 JavaThread "Sweeper thread" daemon [_thread_blocked, id=17260, stack(0x0000006bba600000,0x0000006bba700000)]
  0x0000021c6e14a000 JavaThread "Common-Cleaner" daemon [_thread_blocked, id=1744, stack(0x0000006bba800000,0x0000006bba900000)]

Other Threads:
  0x0000021c6d649800 VMThread "VM Thread" [stack: 0x0000006bb9e00000,0x0000006bb9f00000] [id=8844]
  0x0000021c6e143800 WatcherThread [stack: 0x0000006bba700000,0x0000006bba800000] [id=25400]
  0x0000021c53509800 GCTaskThread "GC Thread#0" [stack: 0x0000006bb9900000,0x0000006bb9a00000] [id=1156]
  0x0000021c53539800 ConcurrentGCThread "G1 Main Marker" [stack: 0x0000006bb9a00000,0x0000006bb9b00000] [id=5808]
  0x0000021c5353b000 ConcurrentGCThread "G1 Conc#0" [stack: 0x0000006bb9b00000,0x0000006bb9c00000] [id=9524]
  0x0000021c535cb000 ConcurrentGCThread "G1 Refine#0" [stack: 0x0000006bb9c00000,0x0000006bb9d00000] [id=13124]
  0x0000021c535cc000 ConcurrentGCThread "G1 Young RemSet Sampling" [stack: 0x0000006bb9d00000,0x0000006bb9e00000] [id=20008]

Threads with active compile tasks:

VM state:not at safepoint (normal execution)

VM Mutex/Monitor currently owned by a thread: None

Heap address: 0x0000000085a00000, size: 1958 MB, Compressed Oops mode: 32-bit
Narrow klass base: 0x0000000000000000, Narrow klass shift: 3
Compressed class space size: 1073741824 Address: 0x0000000100000000

Heap:
 garbage-first heap   total 126976K, used 1024K [0x0000000085a00000, 0x0000000100000000)
  region size 1024K, 2 young (2048K), 0 survivors (0K)
 Metaspace       used 4721K, capacity 4744K, committed 4864K, reserved 1056768K
  class space    used 418K, capacity 428K, committed 512K, reserved 1048576K
Heap Regions: E=young(eden), S=young(survivor), O=old, HS=humongous(starts), HC=humongous(continues), CS=collection set, F=free, A=archive, TAMS=top-at-mark-start (previous, next)
|   0|0x0000000085a00000, 0x0000000085a00000, 0x0000000085b00000|  0%| F|  |TAMS 0x0000000085a00000, 0x0000000085a00000| Untracked 
|   1|0x0000000085b00000, 0x0000000085b00000, 0x0000000085c00000|  0%| F|  |TAMS 0x0000000085b00000, 0x0000000085b00000| Untracked 
|   2|0x0000000085c00000, 0x0000000085c00000, 0x0000000085d00000|  0%| F|  |TAMS 0x0000000085c00000, 0x0000000085c00000| Untracked 
|   3|0x0000000085d00000, 0x0000000085d00000, 0x0000000085e00000|  0%| F|  |TAMS 0x0000000085d00000, 0x0000000085d00000| Untracked 
|   4|0x0000000085e00000, 0x0000000085e00000, 0x0000000085f00000|  0%| F|  |TAMS 0x0000000085e00000, 0x0000000085e00000| Untracked 
|   5|0x0000000085f00000, 0x0000000085f00000, 0x0000000086000000|  0%| F|  |TAMS 0x0000000085f00000, 0x0000000085f00000| Untracked 
|   6|0x0000000086000000, 0x0000000086000000, 0x0000000086100000|  0%| F|  |TAMS 0x0000000086000000, 0x0000000086000000| Untracked 
|   7|0x0000000086100000, 0x0000000086100000, 0x0000000086200000|  0%| F|  |TAMS 0x0000000086100000, 0x0000000086100000| Untracked 
|   8|0x0000000086200000, 0x0000000086200000, 0x0000000086300000|  0%| F|  |TAMS 0x0000000086200000, 0x0000000086200000| Untracked 
|   9|0x0000000086300000, 0x0000000086300000, 0x0000000086400000|  0%| F|  |TAMS 0x0000000086300000, 0x0000000086300000| Untracked 
|  10|0x0000000086400000, 0x0000000086400000, 0x0000000086500000|  0%| F|  |TAMS 0x0000000086400000, 0x0000000086400000| Untracked 
|  11|0x0000000086500000, 0x0000000086500000, 0x0000000086600000|  0%| F|  |TAMS 0x0000000086500000, 0x0000000086500000| Untracked 
|  12|0x0000000086600000, 0x0000000086600000, 0x0000000086700000|  0%| F|  |TAMS 0x0000000086600000, 0x0000000086600000| Untracked 
|  13|0x0000000086700000, 0x0000000086700000, 0x0000000086800000|  0%| F|  |TAMS 0x0000000086700000, 0x0000000086700000| Untracked 
|  14|0x0000000086800000, 0x0000000086800000, 0x0000000086900000|  0%| F|  |TAMS 0x0000000086800000, 0x0000000086800000| Untracked 
|  15|0x0000000086900000, 0x0000000086900000, 0x0000000086a00000|  0%| F|  |TAMS 0x0000000086900000, 0x0000000086900000| Untracked 
|  16|0x0000000086a00000, 0x0000000086a00000, 0x0000000086b00000|  0%| F|  |TAMS 0x0000000086a00000, 0x0000000086a00000| Untracked 
|  17|0x0000000086b00000, 0x0000000086b00000, 0x0000000086c00000|  0%| F|  |TAMS 0x0000000086b00000, 0x0000000086b00000| Untracked 
|  18|0x0000000086c00000, 0x0000000086c00000, 0x0000000086d00000|  0%| F|  |TAMS 0x0000000086c00000, 0x0000000086c00000| Untracked 
|  19|0x0000000086d00000, 0x0000000086d00000, 0x0000000086e00000|  0%| F|  |TAMS 0x0000000086d00000, 0x0000000086d00000| Untracked 
|  20|0x0000000086e00000, 0x0000000086e00000, 0x0000000086f00000|  0%| F|  |TAMS 0x0000000086e00000, 0x0000000086e00000| Untracked 
|  21|0x0000000086f00000, 0x0000000086f00000, 0x0000000087000000|  0%| F|  |TAMS 0x0000000086f00000, 0x0000000086f00000| Untracked 
|  22|0x0000000087000000, 0x0000000087000000, 0x0000000087100000|  0%| F|  |TAMS 0x0000000087000000, 0x0000000087000000| Untracked 
|  23|0x0000000087100000, 0x0000000087100000, 0x0000000087200000|  0%| F|  |TAMS 0x0000000087100000, 0x0000000087100000| Untracked 
|  24|0x0000000087200000, 0x0000000087200000, 0x0000000087300000|  0%| F|  |TAMS 0x0000000087200000, 0x0000000087200000| Untracked 
|  25|0x0000000087300000, 0x0000000087300000, 0x0000000087400000|  0%| F|  |TAMS 0x0000000087300000, 0x0000000087300000| Untracked 
|  26|0x0000000087400000, 0x0000000087400000, 0x0000000087500000|  0%| F|  |TAMS 0x0000000087400000, 0x0000000087400000| Untracked 
|  27|0x0000000087500000, 0x0000000087500000, 0x0000000087600000|  0%| F|  |TAMS 0x0000000087500000, 0x0000000087500000| Untracked 
|  28|0x0000000087600000, 0x0000000087600000, 0x0000000087700000|  0%| F|  |TAMS 0x0000000087600000, 0x0000000087600000| Untracked 
|  29|0x0000000087700000, 0x0000000087700000, 0x0000000087800000|  0%| F|  |TAMS 0x0000000087700000, 0x0000000087700000| Untracked 
|  30|0x0000000087800000, 0x0000000087800000, 0x0000000087900000|  0%| F|  |TAMS 0x0000000087800000, 0x0000000087800000| Untracked 
|  31|0x0000000087900000, 0x0000000087900000, 0x0000000087a00000|  0%| F|  |TAMS 0x0000000087900000, 0x0000000087900000| Untracked 
|  32|0x0000000087a00000, 0x0000000087a00000, 0x0000000087b00000|  0%| F|  |TAMS 0x0000000087a00000, 0x0000000087a00000| Untracked 
|  33|0x0000000087b00000, 0x0000000087b00000, 0x0000000087c00000|  0%| F|  |TAMS 0x0000000087b00000, 0x0000000087b00000| Untracked 
|  34|0x0000000087c00000, 0x0000000087c00000, 0x0000000087d00000|  0%| F|  |TAMS 0x0000000087c00000, 0x0000000087c00000| Untracked 
|  35|0x0000000087d00000, 0x0000000087d00000, 0x0000000087e00000|  0%| F|  |TAMS 0x0000000087d00000, 0x0000000087d00000| Untracked 
|  36|0x0000000087e00000, 0x0000000087e00000, 0x0000000087f00000|  0%| F|  |TAMS 0x0000000087e00000, 0x0000000087e00000| Untracked 
|  37|0x0000000087f00000, 0x0000000087f00000, 0x0000000088000000|  0%| F|  |TAMS 0x0000000087f00000, 0x0000000087f00000| Untracked 
|  38|0x0000000088000000, 0x0000000088000000, 0x0000000088100000|  0%| F|  |TAMS 0x0000000088000000, 0x0000000088000000| Untracked 
|  39|0x0000000088100000, 0x0000000088100000, 0x0000000088200000|  0%| F|  |TAMS 0x0000000088100000, 0x0000000088100000| Untracked 
|  40|0x0000000088200000, 0x0000000088200000, 0x0000000088300000|  0%| F|  |TAMS 0x0000000088200000, 0x0000000088200000| Untracked 
|  41|0x0000000088300000, 0x0000000088300000, 0x0000000088400000|  0%| F|  |TAMS 0x0000000088300000, 0x0000000088300000| Untracked 
|  42|0x0000000088400000, 0x0000000088400000, 0x0000000088500000|  0%| F|  |TAMS 0x0000000088400000, 0x0000000088400000| Untracked 
|  43|0x0000000088500000, 0x0000000088500000, 0x0000000088600000|  0%| F|  |TAMS 0x0000000088500000, 0x0000000088500000| Untracked 
|  44|0x0000000088600000, 0x0000000088600000, 0x0000000088700000|  0%| F|  |TAMS 0x0000000088600000, 0x0000000088600000| Untracked 
|  45|0x0000000088700000, 0x0000000088700000, 0x0000000088800000|  0%| F|  |TAMS 0x0000000088700000, 0x0000000088700000| Untracked 
|  46|0x0000000088800000, 0x0000000088800000, 0x0000000088900000|  0%| F|  |TAMS 0x0000000088800000, 0x0000000088800000| Untracked 
|  47|0x0000000088900000, 0x0000000088900000, 0x0000000088a00000|  0%| F|  |TAMS 0x0000000088900000, 0x0000000088900000| Untracked 
|  48|0x0000000088a00000, 0x0000000088a00000, 0x0000000088b00000|  0%| F|  |TAMS 0x0000000088a00000, 0x0000000088a00000| Untracked 
|  49|0x0000000088b00000, 0x0000000088b00000, 0x0000000088c00000|  0%| F|  |TAMS 0x0000000088b00000, 0x0000000088b00000| Untracked 
|  50|0x0000000088c00000, 0x0000000088c00000, 0x0000000088d00000|  0%| F|  |TAMS 0x0000000088c00000, 0x0000000088c00000| Untracked 
|  51|0x0000000088d00000, 0x0000000088d00000, 0x0000000088e00000|  0%| F|  |TAMS 0x0000000088d00000, 0x0000000088d00000| Untracked 
|  52|0x0000000088e00000, 0x0000000088e00000, 0x0000000088f00000|  0%| F|  |TAMS 0x0000000088e00000, 0x0000000088e00000| Untracked 
|  53|0x0000000088f00000, 0x0000000088f00000, 0x0000000089000000|  0%| F|  |TAMS 0x0000000088f00000, 0x0000000088f00000| Untracked 
|  54|0x0000000089000000, 0x0000000089000000, 0x0000000089100000|  0%| F|  |TAMS 0x0000000089000000, 0x0000000089000000| Untracked 
|  55|0x0000000089100000, 0x0000000089100000, 0x0000000089200000|  0%| F|  |TAMS 0x0000000089100000, 0x0000000089100000| Untracked 
|  56|0x0000000089200000, 0x0000000089200000, 0x0000000089300000|  0%| F|  |TAMS 0x0000000089200000, 0x0000000089200000| Untracked 
|  57|0x0000000089300000, 0x0000000089300000, 0x0000000089400000|  0%| F|  |TAMS 0x0000000089300000, 0x0000000089300000| Untracked 
|  58|0x0000000089400000, 0x0000000089400000, 0x0000000089500000|  0%| F|  |TAMS 0x0000000089400000, 0x0000000089400000| Untracked 
|  59|0x0000000089500000, 0x0000000089500000, 0x0000000089600000|  0%| F|  |TAMS 0x0000000089500000, 0x0000000089500000| Untracked 
|  60|0x0000000089600000, 0x0000000089600000, 0x0000000089700000|  0%| F|  |TAMS 0x0000000089600000, 0x0000000089600000| Untracked 
|  61|0x0000000089700000, 0x0000000089700000, 0x0000000089800000|  0%| F|  |TAMS 0x0000000089700000, 0x0000000089700000| Untracked 
|  62|0x0000000089800000, 0x0000000089800000, 0x0000000089900000|  0%| F|  |TAMS 0x0000000089800000, 0x0000000089800000| Untracked 
|  63|0x0000000089900000, 0x0000000089900000, 0x0000000089a00000|  0%| F|  |TAMS 0x0000000089900000, 0x0000000089900000| Untracked 
|  64|0x0000000089a00000, 0x0000000089a00000, 0x0000000089b00000|  0%| F|  |TAMS 0x0000000089a00000, 0x0000000089a00000| Untracked 
|  65|0x0000000089b00000, 0x0000000089b00000, 0x0000000089c00000|  0%| F|  |TAMS 0x0000000089b00000, 0x0000000089b00000| Untracked 
|  66|0x0000000089c00000, 0x0000000089c00000, 0x0000000089d00000|  0%| F|  |TAMS 0x0000000089c00000, 0x0000000089c00000| Untracked 
|  67|0x0000000089d00000, 0x0000000089d00000, 0x0000000089e00000|  0%| F|  |TAMS 0x0000000089d00000, 0x0000000089d00000| Untracked 
|  68|0x0000000089e00000, 0x0000000089e00000, 0x0000000089f00000|  0%| F|  |TAMS 0x0000000089e00000, 0x0000000089e00000| Untracked 
|  69|0x0000000089f00000, 0x0000000089f00000, 0x000000008a000000|  0%| F|  |TAMS 0x0000000089f00000, 0x0000000089f00000| Untracked 
|  70|0x000000008a000000, 0x000000008a000000, 0x000000008a100000|  0%| F|  |TAMS 0x000000008a000000, 0x000000008a000000| Untracked 
|  71|0x000000008a100000, 0x000000008a100000, 0x000000008a200000|  0%| F|  |TAMS 0x000000008a100000, 0x000000008a100000| Untracked 
|  72|0x000000008a200000, 0x000000008a200000, 0x000000008a300000|  0%| F|  |TAMS 0x000000008a200000, 0x000000008a200000| Untracked 
|  73|0x000000008a300000, 0x000000008a300000, 0x000000008a400000|  0%| F|  |TAMS 0x000000008a300000, 0x000000008a300000| Untracked 
|  74|0x000000008a400000, 0x000000008a400000, 0x000000008a500000|  0%| F|  |TAMS 0x000000008a400000, 0x000000008a400000| Untracked 
|  75|0x000000008a500000, 0x000000008a500000, 0x000000008a600000|  0%| F|  |TAMS 0x000000008a500000, 0x000000008a500000| Untracked 
|  76|0x000000008a600000, 0x000000008a600000, 0x000000008a700000|  0%| F|  |TAMS 0x000000008a600000, 0x000000008a600000| Untracked 
|  77|0x000000008a700000, 0x000000008a700000, 0x000000008a800000|  0%| F|  |TAMS 0x000000008a700000, 0x000000008a700000| Untracked 
|  78|0x000000008a800000, 0x000000008a800000, 0x000000008a900000|  0%| F|  |TAMS 0x000000008a800000, 0x000000008a800000| Untracked 
|  79|0x000000008a900000, 0x000000008a900000, 0x000000008aa00000|  0%| F|  |TAMS 0x000000008a900000, 0x000000008a900000| Untracked 
|  80|0x000000008aa00000, 0x000000008aa00000, 0x000000008ab00000|  0%| F|  |TAMS 0x000000008aa00000, 0x000000008aa00000| Untracked 
|  81|0x000000008ab00000, 0x000000008ab00000, 0x000000008ac00000|  0%| F|  |TAMS 0x000000008ab00000, 0x000000008ab00000| Untracked 
|  82|0x000000008ac00000, 0x000000008ac00000, 0x000000008ad00000|  0%| F|  |TAMS 0x000000008ac00000, 0x000000008ac00000| Untracked 
|  83|0x000000008ad00000, 0x000000008ad00000, 0x000000008ae00000|  0%| F|  |TAMS 0x000000008ad00000, 0x000000008ad00000| Untracked 
|  84|0x000000008ae00000, 0x000000008ae00000, 0x000000008af00000|  0%| F|  |TAMS 0x000000008ae00000, 0x000000008ae00000| Untracked 
|  85|0x000000008af00000, 0x000000008af00000, 0x000000008b000000|  0%| F|  |TAMS 0x000000008af00000, 0x000000008af00000| Untracked 
|  86|0x000000008b000000, 0x000000008b000000, 0x000000008b100000|  0%| F|  |TAMS 0x000000008b000000, 0x000000008b000000| Untracked 
|  87|0x000000008b100000, 0x000000008b100000, 0x000000008b200000|  0%| F|  |TAMS 0x000000008b100000, 0x000000008b100000| Untracked 
|  88|0x000000008b200000, 0x000000008b200000, 0x000000008b300000|  0%| F|  |TAMS 0x000000008b200000, 0x000000008b200000| Untracked 
|  89|0x000000008b300000, 0x000000008b300000, 0x000000008b400000|  0%| F|  |TAMS 0x000000008b300000, 0x000000008b300000| Untracked 
|  90|0x000000008b400000, 0x000000008b400000, 0x000000008b500000|  0%| F|  |TAMS 0x000000008b400000, 0x000000008b400000| Untracked 
|  91|0x000000008b500000, 0x000000008b500000, 0x000000008b600000|  0%| F|  |TAMS 0x000000008b500000, 0x000000008b500000| Untracked 
|  92|0x000000008b600000, 0x000000008b600000, 0x000000008b700000|  0%| F|  |TAMS 0x000000008b600000, 0x000000008b600000| Untracked 
|  93|0x000000008b700000, 0x000000008b700000, 0x000000008b800000|  0%| F|  |TAMS 0x000000008b700000, 0x000000008b700000| Untracked 
|  94|0x000000008b800000, 0x000000008b800000, 0x000000008b900000|  0%| F|  |TAMS 0x000000008b800000, 0x000000008b800000| Untracked 
|  95|0x000000008b900000, 0x000000008b900000, 0x000000008ba00000|  0%| F|  |TAMS 0x000000008b900000, 0x000000008b900000| Untracked 
|  96|0x000000008ba00000, 0x000000008ba00000, 0x000000008bb00000|  0%| F|  |TAMS 0x000000008ba00000, 0x000000008ba00000| Untracked 
|  97|0x000000008bb00000, 0x000000008bb00000, 0x000000008bc00000|  0%| F|  |TAMS 0x000000008bb00000, 0x000000008bb00000| Untracked 
|  98|0x000000008bc00000, 0x000000008bc00000, 0x000000008bd00000|  0%| F|  |TAMS 0x000000008bc00000, 0x000000008bc00000| Untracked 
|  99|0x000000008bd00000, 0x000000008bd00000, 0x000000008be00000|  0%| F|  |TAMS 0x000000008bd00000, 0x000000008bd00000| Untracked 
| 100|0x000000008be00000, 0x000000008be00000, 0x000000008bf00000|  0%| F|  |TAMS 0x000000008be00000, 0x000000008be00000| Untracked 
| 101|0x000000008bf00000, 0x000000008bf00000, 0x000000008c000000|  0%| F|  |TAMS 0x000000008bf00000, 0x000000008bf00000| Untracked 
| 102|0x000000008c000000, 0x000000008c000000, 0x000000008c100000|  0%| F|  |TAMS 0x000000008c000000, 0x000000008c000000| Untracked 
| 103|0x000000008c100000, 0x000000008c100000, 0x000000008c200000|  0%| F|  |TAMS 0x000000008c100000, 0x000000008c100000| Untracked 
| 104|0x000000008c200000, 0x000000008c200000, 0x000000008c300000|  0%| F|  |TAMS 0x000000008c200000, 0x000000008c200000| Untracked 
| 105|0x000000008c300000, 0x000000008c300000, 0x000000008c400000|  0%| F|  |TAMS 0x000000008c300000, 0x000000008c300000| Untracked 
| 106|0x000000008c400000, 0x000000008c400000, 0x000000008c500000|  0%| F|  |TAMS 0x000000008c400000, 0x000000008c400000| Untracked 
| 107|0x000000008c500000, 0x000000008c500000, 0x000000008c600000|  0%| F|  |TAMS 0x000000008c500000, 0x000000008c500000| Untracked 
| 108|0x000000008c600000, 0x000000008c600000, 0x000000008c700000|  0%| F|  |TAMS 0x000000008c600000, 0x000000008c600000| Untracked 
| 109|0x000000008c700000, 0x000000008c700000, 0x000000008c800000|  0%| F|  |TAMS 0x000000008c700000, 0x000000008c700000| Untracked 
| 110|0x000000008c800000, 0x000000008c800000, 0x000000008c900000|  0%| F|  |TAMS 0x000000008c800000, 0x000000008c800000| Untracked 
| 111|0x000000008c900000, 0x000000008c900000, 0x000000008ca00000|  0%| F|  |TAMS 0x000000008c900000, 0x000000008c900000| Untracked 
| 112|0x000000008ca00000, 0x000000008ca00000, 0x000000008cb00000|  0%| F|  |TAMS 0x000000008ca00000, 0x000000008ca00000| Untracked 
| 113|0x000000008cb00000, 0x000000008cb00000, 0x000000008cc00000|  0%| F|  |TAMS 0x000000008cb00000, 0x000000008cb00000| Untracked 
| 114|0x000000008cc00000, 0x000000008cc00000, 0x000000008cd00000|  0%| F|  |TAMS 0x000000008cc00000, 0x000000008cc00000| Untracked 
| 115|0x000000008cd00000, 0x000000008cd00000, 0x000000008ce00000|  0%| F|  |TAMS 0x000000008cd00000, 0x000000008cd00000| Untracked 
| 116|0x000000008ce00000, 0x000000008ce00000, 0x000000008cf00000|  0%| F|  |TAMS 0x000000008ce00000, 0x000000008ce00000| Untracked 
| 117|0x000000008cf00000, 0x000000008cf00000, 0x000000008d000000|  0%| F|  |TAMS 0x000000008cf00000, 0x000000008cf00000| Untracked 
| 118|0x000000008d000000, 0x000000008d000000, 0x000000008d100000|  0%| F|  |TAMS 0x000000008d000000, 0x000000008d000000| Untracked 
| 119|0x000000008d100000, 0x000000008d100000, 0x000000008d200000|  0%| F|  |TAMS 0x000000008d100000, 0x000000008d100000| Untracked 
| 120|0x000000008d200000, 0x000000008d200000, 0x000000008d300000|  0%| F|  |TAMS 0x000000008d200000, 0x000000008d200000| Untracked 
| 121|0x000000008d300000, 0x000000008d300000, 0x000000008d400000|  0%| F|  |TAMS 0x000000008d300000, 0x000000008d300000| Untracked 
| 122|0x000000008d400000, 0x000000008d47b630, 0x000000008d500000| 48%| E|  |TAMS 0x000000008d400000, 0x000000008d400000| Complete 
| 123|0x000000008d500000, 0x000000008d600000, 0x000000008d600000|100%| E|CS|TAMS 0x000000008d500000, 0x000000008d500000| Complete 

Card table byte_map: [0x0000021c66700000,0x0000021c66ae0000] _byte_map_base: 0x0000021c662d3000

Marking Bits (Prev, Next): (CMBitMap*) 0x0000021c53530fb8, (CMBitMap*) 0x0000021c53530ff0
 Prev Bits: [0x0000021c66ec0000, 0x0000021c68d58000)
 Next Bits: [0x0000021c68d60000, 0x0000021c6abf8000)

Polling page: 0x0000021c51450000

Metaspace:

Usage:
  Non-class:      4.21 MB capacity,     4.20 MB (>99%) used,    12.87 KB ( <1%) free+waste,   704 bytes ( <1%) overhead. 
      Class:    428.00 KB capacity,   418.61 KB ( 98%) used,     8.89 KB (  2%) free+waste,   512 bytes ( <1%) overhead. 
       Both:      4.63 MB capacity,     4.61 MB (>99%) used,    21.76 KB ( <1%) free+waste,     1.19 KB ( <1%) overhead. 

Virtual space:
  Non-class space:        8.00 MB reserved,       4.25 MB ( 53%) committed 
      Class space:        1.00 GB reserved,     512.00 KB ( <1%) committed 
             Both:        1.01 GB reserved,       4.75 MB ( <1%) committed 

Chunk freelists:
   Non-Class:  36.00 KB
       Class:  20.00 KB
        Both:  56.00 KB

MaxMetaspaceSize: 17179869184.00 GB
CompressedClassSpaceSize: 1.00 GB

CodeHeap 'non-profiled nmethods': size=120000Kb used=20Kb max_used=20Kb free=119979Kb
 bounds [0x0000021c5eac0000, 0x0000021c5ed30000, 0x0000021c65ff0000]
CodeHeap 'profiled nmethods': size=120000Kb used=145Kb max_used=145Kb free=119854Kb
 bounds [0x0000021c57590000, 0x0000021c57800000, 0x0000021c5eac0000]
CodeHeap 'non-nmethods': size=5760Kb used=1022Kb max_used=1034Kb free=4737Kb
 bounds [0x0000021c56ff0000, 0x0000021c57260000, 0x0000021c57590000]
 total_blobs=398 nmethods=103 adapters=207
 compilation: enabled
              stopped_count=0, restarted_count=0
 full_count=0

Compilation events (20 events):
Event: 0.223 Thread 0x0000021c6d671000 nmethod 93 0x0000021c575af810 code [0x0000021c575afaa0, 0x0000021c575b05d8]
Event: 0.223 Thread 0x0000021c6d671000   94       3       java.lang.StringLatin1::newString (17 bytes)
Event: 0.223 Thread 0x0000021c6d671000 nmethod 94 0x0000021c575b0a10 code [0x0000021c575b0be0, 0x0000021c575b0e68]
Event: 0.224 Thread 0x0000021c6d671000   95       3       java.lang.Character::toUpperCase (6 bytes)
Event: 0.224 Thread 0x0000021c6dfd1800   97       4       java.lang.CharacterDataLatin1::getProperties (11 bytes)
Event: 0.224 Thread 0x0000021c6d671000 nmethod 95 0x0000021c575b0f90 code [0x0000021c575b1160, 0x0000021c575b1398]
Event: 0.224 Thread 0x0000021c6d671000   96       3       java.lang.Character::toUpperCase (9 bytes)
Event: 0.224 Thread 0x0000021c6d671000 nmethod 96 0x0000021c575b1490 code [0x0000021c575b1660, 0x0000021c575b1838]
Event: 0.224 Thread 0x0000021c6d671000   98       3       java.lang.CharacterDataLatin1::toUpperCase (53 bytes)
Event: 0.224 Thread 0x0000021c6d671000 nmethod 98 0x0000021c575b1910 code [0x0000021c575b1ae0, 0x0000021c575b1d58]
Event: 0.224 Thread 0x0000021c6d671000  102       3       java.lang.ProcessEnvironment$NameComparator::compare (90 bytes)
Event: 0.225 Thread 0x0000021c6dfd1800 nmethod 97 0x0000021c5eac4790 code [0x0000021c5eac4920, 0x0000021c5eac49b8]
Event: 0.225 Thread 0x0000021c6dfd1800  103       4       java.lang.String::isLatin1 (19 bytes)
Event: 0.225 Thread 0x0000021c6dfd1800 nmethod 103 0x0000021c5eac4a90 code [0x0000021c5eac4c20, 0x0000021c5eac4c98]
Event: 0.225 Thread 0x0000021c6dfd1800  100       4       java.lang.String::charAt (25 bytes)
Event: 0.225 Thread 0x0000021c6d671000 nmethod 102 0x0000021c575b1e90 code [0x0000021c575b21c0, 0x0000021c575b33b8]
Event: 0.225 Thread 0x0000021c6d671000   99       3       java.util.TreeMap::parentOf (13 bytes)
Event: 0.226 Thread 0x0000021c6d671000 nmethod 99 0x0000021c575b3c10 code [0x0000021c575b3dc0, 0x0000021c575b3f18]
Event: 0.226 Thread 0x0000021c6d671000  101       3       java.lang.ProcessEnvironment$NameComparator::compare (13 bytes)
Event: 0.226 Thread 0x0000021c6d671000 nmethod 101 0x0000021c575b4010 code [0x0000021c575b41e0, 0x0000021c575b44e8]

GC Heap History (0 events):
No events

Deoptimization events (4 events):
Event: 0.171 Thread 0x0000021c534f2000 Uncommon trap: trap_request=0xffffff4d fr.pc=0x0000021c5eac437c relative=0x00000000000001dc
Event: 0.171 Thread 0x0000021c534f2000 Uncommon trap: reason=unstable_if action=reinterpret pc=0x0000021c5eac437c method=java.lang.String.hashCode()I @ 14 c2
Event: 0.171 Thread 0x0000021c534f2000 DEOPT PACKING pc=0x0000021c5eac437c sp=0x0000006bb98fd7e0
Event: 0.171 Thread 0x0000021c534f2000 DEOPT UNPACKING pc=0x0000021c5701662f sp=0x0000006bb98fd778 mode 2

Classes redefined (0 events):
No events

Internal exceptions (0 events):
No events

Events (20 events):
Event: 0.222 loading class java/lang/ProcessEnvironment$EntryComparator
Event: 0.222 loading class java/lang/ProcessEnvironment$EntryComparator done
Event: 0.223 loading class java/util/TreeMap
Event: 0.223 loading class java/util/NavigableMap
Event: 0.223 loading class java/util/SortedMap
Event: 0.223 loading class java/util/SortedMap done
Event: 0.223 loading class java/util/NavigableMap done
Event: 0.223 loading class java/util/TreeMap done
Event: 0.224 loading class java/lang/ProcessEnvironment$CheckedEntrySet
Event: 0.224 loading class java/lang/ProcessEnvironment$CheckedEntrySet done
Event: 0.224 loading class java/lang/ProcessEnvironment$CheckedEntrySet$1
Event: 0.224 loading class java/lang/ProcessEnvironment$CheckedEntrySet$1 done
Event: 0.224 loading class java/lang/ProcessEnvironment$CheckedEntry
Event: 0.224 loading class java/lang/ProcessEnvironment$CheckedEntry done
Event: 0.224 loading class java/util/TreeMap$Entry
Event: 0.224 loading class java/util/TreeMap$Entry done
Event: 0.224 loading class org/jetbrains/git4idea/nativessh/GitNativeSshAskPassXmlRpcHandler
Event: 0.224 loading class org/jetbrains/git4idea/nativessh/GitNativeSshAskPassXmlRpcHandler done
Event: 0.225 loading class java/lang/invoke/StringConcatFactory
Event: 0.225 loading class java/lang/invoke/StringConcatFactory done


Dynamic libraries:
0x00007ff684b90000 - 0x00007ff684b9a000 	C:\Users\mikel\AppData\Local\JetBrains\Toolbox\apps\AndroidStudio\ch-0\211.7628.21.2111.8193401\jre\bin\java.exe
0x00007ffee9800000 - 0x00007ffee9a09000 	C:\WINDOWS\SYSTEM32\ntdll.dll
0x00007ffee9120000 - 0x00007ffee91dd000 	C:\WINDOWS\System32\KERNEL32.DLL
0x00007ffee6e60000 - 0x00007ffee71d4000 	C:\WINDOWS\System32\KERNELBASE.dll
0x00007ffee71e0000 - 0x00007ffee72f1000 	C:\WINDOWS\System32\ucrtbase.dll
0x00007ffed6740000 - 0x00007ffed6757000 	C:\Users\mikel\AppData\Local\JetBrains\Toolbox\apps\AndroidStudio\ch-0\211.7628.21.2111.8193401\jre\bin\VCRUNTIME140.dll
0x00007ffed1c90000 - 0x00007ffed1ca9000 	C:\Users\mikel\AppData\Local\JetBrains\Toolbox\apps\AndroidStudio\ch-0\211.7628.21.2111.8193401\jre\bin\jli.dll
0x00007ffee82d0000 - 0x00007ffee847c000 	C:\WINDOWS\System32\USER32.dll
0x00007ffec24a0000 - 0x00007ffec2745000 	C:\WINDOWS\WinSxS\amd64_microsoft.windows.common-controls_6595b64144ccf1df_6.0.22000.120_none_9d947278b86cc467\COMCTL32.dll
0x00007ffee7300000 - 0x00007ffee7326000 	C:\WINDOWS\System32\win32u.dll
0x00007ffee8480000 - 0x00007ffee84a9000 	C:\WINDOWS\System32\GDI32.dll
0x00007ffee7b10000 - 0x00007ffee7bb3000 	C:\WINDOWS\System32\msvcrt.dll
0x00007ffee7440000 - 0x00007ffee7552000 	C:\WINDOWS\System32\gdi32full.dll
0x00007ffee7330000 - 0x00007ffee73cd000 	C:\WINDOWS\System32\msvcp_win.dll
0x00007ffee7bc0000 - 0x00007ffee7bf1000 	C:\WINDOWS\System32\IMM32.DLL
0x00007ffebe300000 - 0x00007ffebe39d000 	C:\Users\mikel\AppData\Local\JetBrains\Toolbox\apps\AndroidStudio\ch-0\211.7628.21.2111.8193401\jre\bin\msvcp140.dll
0x00007ffe8d380000 - 0x00007ffe8de55000 	C:\Users\mikel\AppData\Local\JetBrains\Toolbox\apps\AndroidStudio\ch-0\211.7628.21.2111.8193401\jre\bin\server\jvm.dll
0x00007ffee9240000 - 0x00007ffee92ee000 	C:\WINDOWS\System32\ADVAPI32.dll
0x00007ffee93a0000 - 0x00007ffee943e000 	C:\WINDOWS\System32\sechost.dll
0x00007ffee7dc0000 - 0x00007ffee7ee0000 	C:\WINDOWS\System32\RPCRT4.dll
0x00007ffee82c0000 - 0x00007ffee82c8000 	C:\WINDOWS\System32\PSAPI.DLL
0x00007ffecff20000 - 0x00007ffecff29000 	C:\WINDOWS\SYSTEM32\WSOCK32.dll
0x00007ffee8f60000 - 0x00007ffee8fcf000 	C:\WINDOWS\System32\WS2_32.dll
0x00007ffedf2a0000 - 0x00007ffedf2d3000 	C:\WINDOWS\SYSTEM32\WINMM.dll
0x00007ffee0750000 - 0x00007ffee075a000 	C:\WINDOWS\SYSTEM32\VERSION.dll
0x00007ffee5e20000 - 0x00007ffee5e38000 	C:\WINDOWS\SYSTEM32\kernel.appcore.dll
0x00007ffed0a50000 - 0x00007ffed0a61000 	C:\Users\mikel\AppData\Local\JetBrains\Toolbox\apps\AndroidStudio\ch-0\211.7628.21.2111.8193401\jre\bin\verify.dll
0x00007ffee4720000 - 0x00007ffee4941000 	C:\WINDOWS\SYSTEM32\DBGHELP.DLL
0x00007ffec2200000 - 0x00007ffec2231000 	C:\WINDOWS\SYSTEM32\dbgcore.DLL
0x00007ffee7560000 - 0x00007ffee75df000 	C:\WINDOWS\System32\bcryptPrimitives.dll
0x00007ffecdd30000 - 0x00007ffecdd59000 	C:\Users\mikel\AppData\Local\JetBrains\Toolbox\apps\AndroidStudio\ch-0\211.7628.21.2111.8193401\jre\bin\java.dll
0x00007ffee2180000 - 0x00007ffee218b000 	C:\Users\mikel\AppData\Local\JetBrains\Toolbox\apps\AndroidStudio\ch-0\211.7628.21.2111.8193401\jre\bin\jimage.dll
0x00007ffece010000 - 0x00007ffece028000 	C:\Users\mikel\AppData\Local\JetBrains\Toolbox\apps\AndroidStudio\ch-0\211.7628.21.2111.8193401\jre\bin\zip.dll
0x00007ffee87a0000 - 0x00007ffee8f4e000 	C:\WINDOWS\System32\SHELL32.dll
0x00007ffee4e20000 - 0x00007ffee5688000 	C:\WINDOWS\SYSTEM32\windows.storage.dll
0x00007ffee9440000 - 0x00007ffee97b8000 	C:\WINDOWS\System32\combase.dll
0x00007ffee4cb0000 - 0x00007ffee4e16000 	C:\WINDOWS\SYSTEM32\wintypes.dll
0x00007ffee80f0000 - 0x00007ffee81da000 	C:\WINDOWS\System32\SHCORE.dll
0x00007ffee91e0000 - 0x00007ffee923d000 	C:\WINDOWS\System32\shlwapi.dll
0x00007ffee6c20000 - 0x00007ffee6c41000 	C:\WINDOWS\SYSTEM32\profapi.dll
0x00007ffecdd10000 - 0x00007ffecdd2a000 	C:\Users\mikel\AppData\Local\JetBrains\Toolbox\apps\AndroidStudio\ch-0\211.7628.21.2111.8193401\jre\bin\net.dll
0x00007ffee0e60000 - 0x00007ffee0f6c000 	C:\WINDOWS\SYSTEM32\WINHTTP.dll
0x00007ffee62c0000 - 0x00007ffee6327000 	C:\WINDOWS\system32\mswsock.dll
0x00007ffecdc60000 - 0x00007ffecdc74000 	C:\Users\mikel\AppData\Local\JetBrains\Toolbox\apps\AndroidStudio\ch-0\211.7628.21.2111.8193401\jre\bin\nio.dll

dbghelp: loaded successfully - version: 4.0.5 - missing functions: none
symbol engine: initialized successfully - sym options: 0x614 - pdb path: .;C:\Users\mikel\AppData\Local\JetBrains\Toolbox\apps\AndroidStudio\ch-0\211.7628.21.2111.8193401\jre\bin;C:\WINDOWS\SYSTEM32;C:\WINDOWS\WinSxS\amd64_microsoft.windows.common-controls_6595b64144ccf1df_6.0.22000.120_none_9d947278b86cc467;C:\Users\mikel\AppData\Local\JetBrains\Toolbox\apps\AndroidStudio\ch-0\211.7628.21.2111.8193401\jre\bin\server

VM Arguments:
java_command: org.jetbrains.git4idea.nativessh.GitNativeSshAskPassApp Enter passphrase for key '/c/Users/mikel/.ssh/id_ed25519': 
java_class_path (initial): C:/Users/mikel/AppData/Local/JetBrains/Toolbox/apps/AndroidStudio/ch-0/211.7628.21.2111.8193401/plugins/git4idea/lib/git4idea-rt.jar;C:/Users/mikel/AppData/Local/JetBrains/Toolbox/apps/AndroidStudio/ch-0/211.7628.21.2111.8193401/lib/xmlrpc-2.0.1.jar;C:/Users/mikel/AppData/Local/JetBrains/Toolbox/apps/AndroidStudio/ch-0/211.7628.21.2111.8193401/lib/commons-codec-1.15.jar
Launcher Type: SUN_STANDARD

[Global flags]
     intx CICompilerCount                          = 4                                         {product} {ergonomic}
     uint ConcGCThreads                            = 2                                         {product} {ergonomic}
     uint G1ConcRefinementThreads                  = 8                                         {product} {ergonomic}
   size_t G1HeapRegionSize                         = 1048576                                   {product} {ergonomic}
    uintx GCDrainStackTargetSize                   = 64                                        {product} {ergonomic}
   size_t InitialHeapSize                          = 130023424                                 {product} {ergonomic}
   size_t MarkStackSize                            = 4194304                                   {product} {ergonomic}
   size_t MaxHeapSize                              = 2053111808                                {product} {ergonomic}
   size_t MaxNewSize                               = 1231028224                                {product} {ergonomic}
   size_t MinHeapDeltaBytes                        = 1048576                                   {product} {ergonomic}
    uintx NonNMethodCodeHeapSize                   = 5836300                                {pd product} {ergonomic}
    uintx NonProfiledCodeHeapSize                  = 122910970                              {pd product} {ergonomic}
    uintx ProfiledCodeHeapSize                     = 122910970                              {pd product} {ergonomic}
    uintx ReservedCodeCacheSize                    = 251658240                              {pd product} {ergonomic}
     bool SegmentedCodeCache                       = true                                      {product} {ergonomic}
     bool UseCompressedClassPointers               = true                                 {lp64_product} {ergonomic}
     bool UseCompressedOops                        = true                                 {lp64_product} {ergonomic}
     bool UseG1GC                                  = true                                      {product} {ergonomic}
     bool UseLargePagesIndividualAllocation        = false                                  {pd product} {ergonomic}

Logging:
Log output configuration:
 #0: stdout all=warning uptime,level,tags
 #1: stderr all=off uptime,level,tags

Environment Variables:
JAVA_HOME=C:\Program Files\Java\jdk1.8.0_271
PATH=C:\Program Files\Git\mingw64\libexec\git-core;C:\Program Files\Git\mingw64\bin;C:\Program Files\Git\usr\bin;C:\Users\mikel\bin;C:\Program Files (x86)\Common Files\Oracle\Java\javapath;C:\Program Files\Java\jdk1.8.0_271\bin;C:\WINDOWS\system32;C:\WINDOWS;C:\WINDOWS\System32\Wbem;C:\WINDOWS\System32\WindowsPowerShell\v1.0;C:\WINDOWS\System32\OpenSSH;C:\Users\mikel\AppData\Local\Programs\Python\Python38;C:\Users\mikel\AppData\Local\Microsoft\WindowsApps
USERNAME=mikel
DISPLAY=:0.0
LC_ALL=en_US.UTF-8
OS=Windows_NT
PROCESSOR_IDENTIFIER=Intel64 Family 6 Model 142 Stepping 12, GenuineIntel



---------------  S Y S T E M  ---------------

OS: Windows 10 , 64 bit Build 22000 (10.0.22000.434)
OS uptime: 10 days 18:25 hours
Hyper-V role detected

CPU:total 8 (initial active 8) (4 cores per cpu, 2 threads per core) family 6 model 142 stepping 12 microcode 0xec, cmov, cx8, fxsr, mmx, sse, sse2, sse3, ssse3, sse4.1, sse4.2, popcnt, avx, avx2, aes, clmul, erms, 3dnowpref, lzcnt, ht, tsc, tscinvbit, bmi1, bmi2, adx, fma

Memory: 4k page, system-wide physical 7824M (929M free)
TotalPageFile size 31376M (AvailPageFile size 0M)
current process WorkingSet (physical memory assigned to process): 35M, peak: 35M
current process commit charge ("private bytes"): 199M, peak: 199M

vm_info: OpenJDK 64-Bit Server VM (11.0.11+9-b60-7590822) for windows-amd64 JRE (11.0.11+9-b60-7590822), built on Jul 29 2021 21:43:44 by "builder" with MS VC++ 14.0 (VS2015)

END.
